2018-01-31 10:01:37,839 INFO o.a.j.u.JMeterUtils: Setting Locale to fr_FR
2018-01-31 10:01:37,860 INFO o.a.j.u.JMeterUtils: Could not find resources for 'fr_FR', using 'fr'
2018-01-31 10:01:37,862 INFO o.a.j.JMeter: Loading user properties from: /home/matth/Logiciels/JMeter/apache-jmeter-3.3/bin/user.properties
2018-01-31 10:01:37,863 INFO o.a.j.JMeter: Loading system properties from: /home/matth/Logiciels/JMeter/apache-jmeter-3.3/bin/system.properties
2018-01-31 10:01:37,867 INFO o.a.j.JMeter: Copyright (c) 1998-2017 The Apache Software Foundation
2018-01-31 10:01:37,868 INFO o.a.j.JMeter: Version 3.3 r1808647
2018-01-31 10:01:37,868 INFO o.a.j.JMeter: java.version=1.8.0_131
2018-01-31 10:01:37,868 INFO o.a.j.JMeter: java.vm.name=Java HotSpot(TM) 64-Bit Server VM
2018-01-31 10:01:37,868 INFO o.a.j.JMeter: os.name=Linux
2018-01-31 10:01:37,868 INFO o.a.j.JMeter: os.arch=amd64
2018-01-31 10:01:37,868 INFO o.a.j.JMeter: os.version=4.14.0-3-amd64
2018-01-31 10:01:37,868 INFO o.a.j.JMeter: file.encoding=UTF-8
2018-01-31 10:01:37,868 INFO o.a.j.JMeter: Max memory     =536870912
2018-01-31 10:01:37,868 INFO o.a.j.JMeter: Available Processors =4
2018-01-31 10:01:37,876 INFO o.a.j.JMeter: Default Locale=français (France)
2018-01-31 10:01:37,876 INFO o.a.j.JMeter: JMeter  Locale=français (France)
2018-01-31 10:01:37,876 INFO o.a.j.JMeter: JMeterHome=/home/matth/Logiciels/JMeter/apache-jmeter-3.3
2018-01-31 10:01:37,876 INFO o.a.j.JMeter: user.dir  =/home/matth/Developpement/Monix/workspace_monix_eclipse-java-oxygen/Morix_Java
2018-01-31 10:01:37,877 INFO o.a.j.JMeter: PWD       =/home/matth/Developpement/Monix/workspace_monix_eclipse-java-oxygen/Morix_Java
2018-01-31 10:01:37,877 INFO o.a.j.JMeter: IP: 192.168.168.88 Name: araxia FullName: araxia
2018-01-31 10:01:37,877 INFO o.a.j.JMeter: search_paths=./bin/
2018-01-31 10:01:37,877 INFO o.a.j.JMeter: Adding to classpath and loader: ./bin/
2018-01-31 10:01:38,125 INFO o.a.j.g.a.LookAndFeelCommand: Using look and feel: javax.swing.plaf.metal.MetalLookAndFeel [Metal, CrossPlatform]
2018-01-31 10:01:38,130 INFO o.a.j.JMeter: Loaded icon properties from org/apache/jmeter/images/icon.properties
2018-01-31 10:01:38,608 INFO o.a.j.e.u.CompoundVariable: Note: Function class names must contain the string: '.functions.'
2018-01-31 10:01:38,608 INFO o.a.j.e.u.CompoundVariable: Note: Function class names must not contain the string: '.gui.'
2018-01-31 10:01:39,728 INFO o.a.j.g.u.MenuFactory: Skipping org.apache.jmeter.assertions.BSFAssertion
2018-01-31 10:01:39,753 INFO o.a.j.JMeter: Loading file: jmeter/plan_travail.jmx
2018-01-31 10:01:39,767 INFO o.a.j.s.FileServer: Default base='/home/matth/Developpement/Monix/workspace_monix_eclipse-java-oxygen/Morix_Java'
2018-01-31 10:01:39,768 INFO o.a.j.s.FileServer: Set new base='/home/matth/Developpement/Monix/workspace_monix_eclipse-java-oxygen/Morix_Java/jmeter'
2018-01-31 10:01:40,179 INFO o.a.j.s.SaveService: Testplan (JMX) version: 2.2. Testlog (JTL) version: 2.2
2018-01-31 10:01:40,212 INFO o.a.j.s.SaveService: Using SaveService properties file encoding UTF-8
2018-01-31 10:01:40,214 INFO o.a.j.s.SaveService: Using SaveService properties version 3.2
2018-01-31 10:01:40,229 INFO o.a.j.s.SaveService: Loading file: jmeter/plan_travail.jmx
2018-01-31 10:01:40,408 INFO o.a.j.s.FileServer: Set new base='/home/matth/Developpement/Monix/workspace_monix_eclipse-java-oxygen/Morix_Java/jmeter'
2018-01-31 10:01:40,446 INFO o.a.j.s.SampleResult: Note: Sample TimeStamps are START times
2018-01-31 10:01:40,446 INFO o.a.j.s.SampleResult: sampleresult.default.encoding is set to ISO-8859-1
2018-01-31 10:01:40,446 INFO o.a.j.s.SampleResult: sampleresult.useNanoTime=true
2018-01-31 10:01:40,447 INFO o.a.j.s.SampleResult: sampleresult.nanoThreadSleep=5000
2018-01-31 10:01:40,574 INFO o.a.j.g.u.MenuFactory: Skipping org.apache.jmeter.extractor.BSFPostProcessor
2018-01-31 10:01:40,656 INFO o.a.j.g.u.MenuFactory: Skipping org.apache.jmeter.modifiers.BSFPreProcessor
2018-01-31 10:01:40,722 INFO o.a.j.p.h.s.HTTPSamplerBase: Parser for text/html is org.apache.jmeter.protocol.http.parser.LagartoBasedHtmlParser
2018-01-31 10:01:40,722 INFO o.a.j.p.h.s.HTTPSamplerBase: Parser for application/xhtml+xml is org.apache.jmeter.protocol.http.parser.LagartoBasedHtmlParser
2018-01-31 10:01:40,722 INFO o.a.j.p.h.s.HTTPSamplerBase: Parser for application/xml is org.apache.jmeter.protocol.http.parser.LagartoBasedHtmlParser
2018-01-31 10:01:40,723 INFO o.a.j.p.h.s.HTTPSamplerBase: Parser for text/xml is org.apache.jmeter.protocol.http.parser.LagartoBasedHtmlParser
2018-01-31 10:01:40,723 INFO o.a.j.p.h.s.HTTPSamplerBase: Parser for text/vnd.wap.wml is org.apache.jmeter.protocol.http.parser.RegexpHTMLParser
2018-01-31 10:01:40,723 INFO o.a.j.p.h.s.HTTPSamplerBase: Parser for text/css is org.apache.jmeter.protocol.http.parser.CssParser
2018-01-31 10:01:41,307 INFO o.a.j.e.KeyToolUtils: keytool found at 'keytool'
2018-01-31 10:01:41,308 INFO o.a.j.p.h.p.ProxyControl: HTTP(S) Test Script Recorder SSL Proxy will use keys that support embedded 3rd party resources in file /home/matth/Logiciels/JMeter/apache-jmeter-3.3/bin/proxyserver.jks
2018-01-31 10:01:41,459 INFO o.a.j.g.u.MenuFactory: Skipping org.apache.jmeter.protocol.java.sampler.BSFSampler
2018-01-31 10:01:41,568 INFO o.a.j.g.u.MenuFactory: Skipping org.apache.jmeter.protocol.mongodb.config.MongoSourceElement
2018-01-31 10:01:41,568 INFO o.a.j.g.u.MenuFactory: Skipping org.apache.jmeter.protocol.mongodb.sampler.MongoScriptSampler
2018-01-31 10:01:41,678 INFO o.a.j.g.u.MenuFactory: Skipping org.apache.jmeter.timers.BSFTimer
2018-01-31 10:01:41,703 INFO o.a.j.g.u.MenuFactory: Skipping org.apache.jmeter.visualizers.BSFListener
2018-01-31 10:47:54,310 INFO o.a.j.e.StandardJMeterEngine: Running the test!
2018-01-31 10:47:54,313 INFO o.a.j.s.SampleEvent: List of sample_variables: []
2018-01-31 10:47:54,314 INFO o.a.j.s.SampleEvent: List of sample_variables: []
2018-01-31 10:47:54,332 INFO o.a.j.g.u.JMeterMenuBar: setRunning(true, *local*)
2018-01-31 10:47:54,507 INFO o.a.j.e.StandardJMeterEngine: Starting ThreadGroup: 1 : Groupe d'unités de tests : ex. DT avec variables
2018-01-31 10:47:54,507 INFO o.a.j.e.StandardJMeterEngine: Starting 1 threads for group Groupe d'unités de tests : ex. DT avec variables.
2018-01-31 10:47:54,507 INFO o.a.j.e.StandardJMeterEngine: Thread will continue on error
2018-01-31 10:47:54,508 INFO o.a.j.t.ThreadGroup: Starting thread group... number=1 threads=1 ramp-up=1 perThread=1000.0 delayedStart=false
2018-01-31 10:47:54,514 INFO o.a.j.t.ThreadGroup: Started thread group number 1
2018-01-31 10:47:54,514 INFO o.a.j.e.StandardJMeterEngine: All thread groups have been started
2018-01-31 10:47:54,523 INFO o.a.j.t.JMeterThread: Thread started: Groupe d'unités de tests : ex. DT avec variables 1-1
2018-01-31 10:47:58,592 INFO o.a.j.t.JMeterThread: Thread is done: Groupe d'unités de tests : ex. DT avec variables 1-1
2018-01-31 10:47:58,593 INFO o.a.j.t.JMeterThread: Thread finished: Groupe d'unités de tests : ex. DT avec variables 1-1
2018-01-31 10:47:58,598 INFO o.a.j.e.StandardJMeterEngine: Notifying test listeners of end of test
2018-01-31 10:47:58,600 INFO o.a.j.g.u.JMeterMenuBar: setRunning(false, *local*)
2018-01-31 11:36:45,598 INFO o.a.j.e.StandardJMeterEngine: Running the test!
2018-01-31 11:36:45,598 INFO o.a.j.s.SampleEvent: List of sample_variables: []
2018-01-31 11:36:45,600 INFO o.a.j.g.u.JMeterMenuBar: setRunning(true, *local*)
2018-01-31 11:36:45,731 INFO o.a.j.e.StandardJMeterEngine: Starting ThreadGroup: 1 : Groupe d'unités de tests : ex. DT avec CSV
2018-01-31 11:36:45,731 INFO o.a.j.e.StandardJMeterEngine: Starting 1 threads for group Groupe d'unités de tests : ex. DT avec CSV.
2018-01-31 11:36:45,731 INFO o.a.j.e.StandardJMeterEngine: Thread will continue on error
2018-01-31 11:36:45,732 INFO o.a.j.t.ThreadGroup: Starting thread group... number=1 threads=1 ramp-up=1 perThread=1000.0 delayedStart=false
2018-01-31 11:36:45,733 INFO o.a.j.t.ThreadGroup: Started thread group number 1
2018-01-31 11:36:45,733 INFO o.a.j.e.StandardJMeterEngine: All thread groups have been started
2018-01-31 11:36:45,733 INFO o.a.j.t.JMeterThread: Thread started: Groupe d'unités de tests : ex. DT avec CSV 1-1
2018-01-31 11:36:47,242 INFO o.a.j.f.FileWrapper: Attaching jmeter/jt/dt_csv.txt
2018-01-31 11:36:47,243 INFO o.a.j.f.FileWrapper: Opening jmeter/jt/dt_csv.txt as jmeter/jt/dt_csv.txt
2018-01-31 11:36:47,246 INFO o.a.j.f.FileWrapper: Saved jmeter/jt/dt_csv.txt as jmeter/jt/dt_csv.txt delimiter=<,>
2018-01-31 11:36:47,247 INFO o.a.j.f.FileWrapper: Stored jmeter/jt/dt_csv.txt as jmeter/jt/dt_csv.txt
2018-01-31 11:36:49,772 INFO o.a.j.t.JMeterThread: Thread is done: Groupe d'unités de tests : ex. DT avec CSV 1-1
2018-01-31 11:36:49,772 INFO o.a.j.t.JMeterThread: Thread finished: Groupe d'unités de tests : ex. DT avec CSV 1-1
2018-01-31 11:36:49,773 INFO o.a.j.e.StandardJMeterEngine: Notifying test listeners of end of test
2018-01-31 11:36:49,774 INFO o.a.j.g.u.JMeterMenuBar: setRunning(false, *local*)
2018-01-31 11:37:55,797 INFO o.a.j.e.StandardJMeterEngine: Running the test!
2018-01-31 11:37:55,799 INFO o.a.j.s.SampleEvent: List of sample_variables: []
2018-01-31 11:37:55,806 INFO o.a.j.g.u.JMeterMenuBar: setRunning(true, *local*)
2018-01-31 11:37:55,939 INFO o.a.j.e.StandardJMeterEngine: Starting ThreadGroup: 1 : Groupe d'unités de tests : ex. DT avec CSV
2018-01-31 11:37:55,939 INFO o.a.j.e.StandardJMeterEngine: Starting 1 threads for group Groupe d'unités de tests : ex. DT avec CSV.
2018-01-31 11:37:55,939 INFO o.a.j.e.StandardJMeterEngine: Thread will continue on error
2018-01-31 11:37:55,940 INFO o.a.j.t.ThreadGroup: Starting thread group... number=1 threads=1 ramp-up=1 perThread=1000.0 delayedStart=false
2018-01-31 11:37:55,940 INFO o.a.j.t.ThreadGroup: Started thread group number 1
2018-01-31 11:37:55,940 INFO o.a.j.e.StandardJMeterEngine: All thread groups have been started
2018-01-31 11:37:55,941 INFO o.a.j.t.JMeterThread: Thread started: Groupe d'unités de tests : ex. DT avec CSV 1-1
2018-01-31 11:37:57,448 INFO o.a.j.f.FileWrapper: Attaching jmeter/jt/dt_csv.txt
2018-01-31 11:37:57,448 INFO o.a.j.f.FileWrapper: Opening jmeter/jt/dt_csv.txt as jmeter/jt/dt_csv.txt
2018-01-31 11:37:57,448 INFO o.a.j.f.FileWrapper: Saved jmeter/jt/dt_csv.txt as jmeter/jt/dt_csv.txt delimiter=<,>
2018-01-31 11:37:57,448 INFO o.a.j.f.FileWrapper: Stored jmeter/jt/dt_csv.txt as jmeter/jt/dt_csv.txt
2018-01-31 11:37:59,967 INFO o.a.j.t.JMeterThread: Thread is done: Groupe d'unités de tests : ex. DT avec CSV 1-1
2018-01-31 11:37:59,967 INFO o.a.j.t.JMeterThread: Thread finished: Groupe d'unités de tests : ex. DT avec CSV 1-1
2018-01-31 11:37:59,969 INFO o.a.j.e.StandardJMeterEngine: Notifying test listeners of end of test
2018-01-31 11:37:59,970 INFO o.a.j.g.u.JMeterMenuBar: setRunning(false, *local*)
2018-01-31 11:38:48,374 INFO o.a.j.e.StandardJMeterEngine: Running the test!
2018-01-31 11:38:48,375 INFO o.a.j.s.SampleEvent: List of sample_variables: []
2018-01-31 11:38:48,379 INFO o.a.j.g.u.JMeterMenuBar: setRunning(true, *local*)
2018-01-31 11:38:48,506 INFO o.a.j.e.StandardJMeterEngine: Starting ThreadGroup: 1 : Groupe d'unités de tests : ex. DT avec CSV
2018-01-31 11:38:48,506 INFO o.a.j.e.StandardJMeterEngine: Starting 1 threads for group Groupe d'unités de tests : ex. DT avec CSV.
2018-01-31 11:38:48,506 INFO o.a.j.e.StandardJMeterEngine: Thread will continue on error
2018-01-31 11:38:48,506 INFO o.a.j.t.ThreadGroup: Starting thread group... number=1 threads=1 ramp-up=1 perThread=1000.0 delayedStart=false
2018-01-31 11:38:48,507 INFO o.a.j.t.ThreadGroup: Started thread group number 1
2018-01-31 11:38:48,507 INFO o.a.j.e.StandardJMeterEngine: All thread groups have been started
2018-01-31 11:38:48,507 INFO o.a.j.t.JMeterThread: Thread started: Groupe d'unités de tests : ex. DT avec CSV 1-1
2018-01-31 11:38:50,014 INFO o.a.j.f.FileWrapper: Attaching jmeter/jt/dt_csv.txt
2018-01-31 11:38:50,015 INFO o.a.j.f.FileWrapper: Opening jmeter/jt/dt_csv.txt as jmeter/jt/dt_csv.txt
2018-01-31 11:38:50,016 INFO o.a.j.f.FileWrapper: Saved jmeter/jt/dt_csv.txt as jmeter/jt/dt_csv.txt delimiter=<,>
2018-01-31 11:38:50,016 INFO o.a.j.f.FileWrapper: Stored jmeter/jt/dt_csv.txt as jmeter/jt/dt_csv.txt
2018-01-31 11:38:52,553 INFO o.a.j.t.JMeterThread: Thread is done: Groupe d'unités de tests : ex. DT avec CSV 1-1
2018-01-31 11:38:52,554 INFO o.a.j.t.JMeterThread: Thread finished: Groupe d'unités de tests : ex. DT avec CSV 1-1
2018-01-31 11:38:52,555 INFO o.a.j.e.StandardJMeterEngine: Notifying test listeners of end of test
2018-01-31 11:38:52,556 INFO o.a.j.g.u.JMeterMenuBar: setRunning(false, *local*)
2018-01-31 11:39:57,987 INFO o.a.j.e.StandardJMeterEngine: Running the test!
2018-01-31 11:39:57,988 INFO o.a.j.s.SampleEvent: List of sample_variables: []
2018-01-31 11:39:57,993 INFO o.a.j.g.u.JMeterMenuBar: setRunning(true, *local*)
2018-01-31 11:39:58,134 INFO o.a.j.e.StandardJMeterEngine: Starting ThreadGroup: 1 : Groupe d'unités de tests : ex. DT avec CSV
2018-01-31 11:39:58,134 INFO o.a.j.e.StandardJMeterEngine: Starting 1 threads for group Groupe d'unités de tests : ex. DT avec CSV.
2018-01-31 11:39:58,134 INFO o.a.j.e.StandardJMeterEngine: Thread will continue on error
2018-01-31 11:39:58,134 INFO o.a.j.t.ThreadGroup: Starting thread group... number=1 threads=1 ramp-up=1 perThread=1000.0 delayedStart=false
2018-01-31 11:39:58,137 INFO o.a.j.t.ThreadGroup: Started thread group number 1
2018-01-31 11:39:58,137 INFO o.a.j.e.StandardJMeterEngine: All thread groups have been started
2018-01-31 11:39:58,137 INFO o.a.j.t.JMeterThread: Thread started: Groupe d'unités de tests : ex. DT avec CSV 1-1
2018-01-31 11:39:59,644 INFO o.a.j.f.FileWrapper: Attaching jmeter/jt/dt_csv.txt
2018-01-31 11:39:59,644 INFO o.a.j.f.FileWrapper: Opening jmeter/jt/dt_csv.txt as jmeter/jt/dt_csv.txt
2018-01-31 11:39:59,646 INFO o.a.j.f.FileWrapper: Saved jmeter/jt/dt_csv.txt as jmeter/jt/dt_csv.txt delimiter=<,>
2018-01-31 11:39:59,646 INFO o.a.j.f.FileWrapper: Stored jmeter/jt/dt_csv.txt as jmeter/jt/dt_csv.txt
2018-01-31 11:40:03,178 INFO o.a.j.t.JMeterThread: Thread is done: Groupe d'unités de tests : ex. DT avec CSV 1-1
2018-01-31 11:40:03,179 INFO o.a.j.t.JMeterThread: Thread finished: Groupe d'unités de tests : ex. DT avec CSV 1-1
2018-01-31 11:40:03,180 INFO o.a.j.e.StandardJMeterEngine: Notifying test listeners of end of test
2018-01-31 11:40:03,180 INFO o.a.j.g.u.JMeterMenuBar: setRunning(false, *local*)
2018-01-31 11:40:45,356 INFO o.a.j.e.StandardJMeterEngine: Running the test!
2018-01-31 11:40:45,358 INFO o.a.j.s.SampleEvent: List of sample_variables: []
2018-01-31 11:40:45,361 INFO o.a.j.g.u.JMeterMenuBar: setRunning(true, *local*)
2018-01-31 11:40:45,504 INFO o.a.j.e.StandardJMeterEngine: Starting ThreadGroup: 1 : Groupe d'unités de tests : ex. DT avec CSV
2018-01-31 11:40:45,504 INFO o.a.j.e.StandardJMeterEngine: Starting 1 threads for group Groupe d'unités de tests : ex. DT avec CSV.
2018-01-31 11:40:45,504 INFO o.a.j.e.StandardJMeterEngine: Thread will continue on error
2018-01-31 11:40:45,504 INFO o.a.j.t.ThreadGroup: Starting thread group... number=1 threads=1 ramp-up=1 perThread=1000.0 delayedStart=false
2018-01-31 11:40:45,505 INFO o.a.j.t.ThreadGroup: Started thread group number 1
2018-01-31 11:40:45,505 INFO o.a.j.e.StandardJMeterEngine: All thread groups have been started
2018-01-31 11:40:45,505 INFO o.a.j.t.JMeterThread: Thread started: Groupe d'unités de tests : ex. DT avec CSV 1-1
2018-01-31 11:40:46,007 ERROR o.a.j.p.t.s.TCPSampler: Could not find protocol class 'morix.TCPClientMorixImplooo'
2018-01-31 11:40:46,511 ERROR o.a.j.p.t.s.TCPSampler: Could not find protocol class 'morix.TCPClientMorixImplooo'
2018-01-31 11:40:47,013 ERROR o.a.j.p.t.s.TCPSampler: Could not find protocol class 'morix.TCPClientMorixImplooo'
2018-01-31 11:40:47,514 ERROR o.a.j.p.t.s.TCPSampler: Could not find protocol class 'morix.TCPClientMorixImplooo'
2018-01-31 11:40:47,514 INFO o.a.j.t.JMeterThread: Thread is done: Groupe d'unités de tests : ex. DT avec CSV 1-1
2018-01-31 11:40:47,514 INFO o.a.j.t.JMeterThread: Thread finished: Groupe d'unités de tests : ex. DT avec CSV 1-1
2018-01-31 11:40:47,515 INFO o.a.j.e.StandardJMeterEngine: Notifying test listeners of end of test
2018-01-31 11:40:47,515 INFO o.a.j.g.u.JMeterMenuBar: setRunning(false, *local*)
