2019-03-15 17:04:05,654 [Worker-1] INFO  c.g.t.t.d.PublishedGradleVersions - Gradle version information cache is up-to-date. Trying to read.
2019-05-05 13:44:01,956 [Worker-6] INFO  c.g.t.t.d.PublishedGradleVersions - Gradle version information cache is out-of-date. Trying to update.
2019-05-20 14:34:04,905 [Worker-1] INFO  c.g.t.t.d.PublishedGradleVersions - Gradle version information cache is up-to-date. Trying to read.
2019-05-23 10:03:28,441 [Worker-0] INFO  c.g.t.t.d.PublishedGradleVersions - Gradle version information cache is out-of-date. Trying to update.
2019-06-11 13:37:19,383 [Worker-4] INFO  c.g.t.t.d.PublishedGradleVersions - Gradle version information cache is out-of-date. Trying to update.
2019-06-17 14:07:56,626 [Worker-1] INFO  c.g.t.t.d.PublishedGradleVersions - Gradle version information cache is out-of-date. Trying to update.
2019-06-17 16:36:49,183 [Worker-4] INFO  c.g.t.t.d.PublishedGradleVersions - Gradle version information cache is up-to-date. Trying to read.
2019-06-17 17:22:04,108 [Worker-5] INFO  c.g.t.t.d.PublishedGradleVersions - Gradle version information cache is up-to-date. Trying to read.
2019-06-18 08:03:15,386 [Worker-3] INFO  c.g.t.t.d.PublishedGradleVersions - Gradle version information cache is up-to-date. Trying to read.
2019-06-19 11:15:13,211 [Worker-2] INFO  c.g.t.t.d.PublishedGradleVersions - Gradle version information cache is out-of-date. Trying to update.
2019-06-26 09:42:28,416 [Worker-2] INFO  c.g.t.t.d.PublishedGradleVersions - Gradle version information cache is out-of-date. Trying to update.
2019-06-26 09:58:12,160 [Worker-3] INFO  c.g.t.t.d.PublishedGradleVersions - Gradle version information cache is up-to-date. Trying to read.
2019-06-26 10:21:33,232 [Start Help Server] INFO  org.eclipse.jetty.util.log - Logging initialized @1455790ms to org.eclipse.jetty.util.log.Slf4jLog
2019-06-26 10:21:33,579 [Start Help Server] INFO  org.eclipse.jetty.server.Server - jetty-9.4.8.v20171121, build timestamp: 2017-11-21T22:27:37+01:00, git hash: 82b8fb23f757335bb3329d540ce37a2a2615f0a8
2019-06-26 10:21:33,631 [Start Help Server] INFO  org.eclipse.jetty.server.session - DefaultSessionIdManager workerName=node0
2019-06-26 10:21:33,631 [Start Help Server] INFO  org.eclipse.jetty.server.session - No SessionScavenger set, using defaults
2019-06-26 10:21:33,634 [Start Help Server] INFO  org.eclipse.jetty.server.session - Scavenging every 600000ms
2019-06-26 10:21:33,704 [Start Help Server] INFO  o.e.j.server.handler.ContextHandler - Started o.e.j.s.ServletContextHandler@28580f26{/help,null,AVAILABLE}
2019-06-26 10:21:33,768 [Start Help Server] INFO  o.e.jetty.server.AbstractConnector - Started ServerConnector@12c2f394{HTTP/1.1,[http/1.1]}{127.0.0.1:55369}
2019-06-26 10:21:33,769 [Start Help Server] INFO  org.eclipse.jetty.server.Server - Started @1456327ms
2019-06-26 10:21:53,070 [Stop Help Server] INFO  o.e.jetty.server.AbstractConnector - Stopped ServerConnector@12c2f394{HTTP/1.1,[http/1.1]}{127.0.0.1:0}
2019-06-26 10:21:53,071 [Stop Help Server] INFO  org.eclipse.jetty.server.session - Stopped scavenging
2019-06-26 10:21:53,232 [Stop Help Server] INFO  o.e.j.server.handler.ContextHandler - Stopped o.e.j.s.ServletContextHandler@28580f26{/help,null,UNAVAILABLE}
