2019-02-21 11:27:34,014 INFO o.a.j.u.JMeterUtils: Setting Locale to en_EN
2019-02-21 11:27:34,029 INFO o.a.j.JMeter: Loading user properties from: /home/matth/Logiciels/JMeter/apache-jmeter-5.0/bin/user.properties
2019-02-21 11:27:34,030 INFO o.a.j.JMeter: Loading system properties from: /home/matth/Logiciels/JMeter/apache-jmeter-5.0/bin/system.properties
2019-02-21 11:27:34,030 INFO o.a.j.JMeter: Setting System property: sun.java2d.xrender=false
2019-02-21 11:27:34,030 INFO o.a.j.JMeter: Loading additional properties from: /home/matth/Developpement/Monix/workspace_monix_eclipse-java-oxygen/Morix_Java/jmeter/properties/user.properties
2019-02-21 11:27:34,037 INFO o.a.j.JMeter: Copyright (c) 1998-2018 The Apache Software Foundation
2019-02-21 11:27:34,037 INFO o.a.j.JMeter: Version 5.0 r1840935
2019-02-21 11:27:34,037 INFO o.a.j.JMeter: java.version=1.8.0_202
2019-02-21 11:27:34,037 INFO o.a.j.JMeter: java.vm.name=Java HotSpot(TM) 64-Bit Server VM
2019-02-21 11:27:34,038 INFO o.a.j.JMeter: os.name=Linux
2019-02-21 11:27:34,038 INFO o.a.j.JMeter: os.arch=amd64
2019-02-21 11:27:34,038 INFO o.a.j.JMeter: os.version=4.19.0-2-amd64
2019-02-21 11:27:34,038 INFO o.a.j.JMeter: file.encoding=UTF-8
2019-02-21 11:27:34,038 INFO o.a.j.JMeter: Max memory     =1073741824
2019-02-21 11:27:34,038 INFO o.a.j.JMeter: Available Processors =4
2019-02-21 11:27:34,043 INFO o.a.j.JMeter: Default Locale=English (EN)
2019-02-21 11:27:34,043 INFO o.a.j.JMeter: JMeter  Locale=English (EN)
2019-02-21 11:27:34,043 INFO o.a.j.JMeter: JMeterHome=/home/matth/Logiciels/JMeter/apache-jmeter-5.0
2019-02-21 11:27:34,043 INFO o.a.j.JMeter: user.dir  =/home/matth/Developpement/Monix/workspace_monix_eclipse-java-oxygen/Morix_Java
2019-02-21 11:27:34,043 INFO o.a.j.JMeter: PWD       =/home/matth/Developpement/Monix/workspace_monix_eclipse-java-oxygen/Morix_Java
2019-02-21 11:27:34,044 INFO o.a.j.JMeter: IP: 192.168.1.81 Name: araxia FullName: araxia
2019-02-21 11:27:34,044 INFO o.a.j.JMeter: search_paths=./bin/
2019-02-21 11:27:34,044 INFO o.a.j.JMeter: Adding to classpath and loader: ./bin/
2019-02-21 11:27:34,215 INFO o.a.j.g.a.LookAndFeelCommand: Installing Darcula LAF
2019-02-21 11:27:34,251 INFO o.a.j.g.a.LookAndFeelCommand: Using look and feel: javax.swing.plaf.metal.MetalLookAndFeel [Darcula]
2019-02-21 11:27:34,251 INFO o.a.j.JMeter: Setting LAF to: javax.swing.plaf.metal.MetalLookAndFeel
2019-02-21 11:27:34,255 INFO o.a.j.JMeter: Loaded icon properties from org/apache/jmeter/images/icon.properties
2019-02-21 11:27:34,786 INFO o.a.j.e.u.CompoundVariable: Note: Function class names must contain the string: '.functions.'
2019-02-21 11:27:34,786 INFO o.a.j.e.u.CompoundVariable: Note: Function class names must not contain the string: '.gui.'
2019-02-21 11:27:35,759 INFO o.a.j.JMeter: Loading file: /home/matth/Developpement/Monix/workspace_monix_eclipse-java-oxygen/Morix_Java/jmeter/plan_test-ex0-hello.jmx
2019-02-21 11:27:35,760 INFO o.a.j.s.FileServer: Default base='/home/matth/Developpement/Monix/workspace_monix_eclipse-java-oxygen/Morix_Java'
2019-02-21 11:27:35,761 INFO o.a.j.s.FileServer: Set new base='/home/matth/Developpement/Monix/workspace_monix_eclipse-java-oxygen/Morix_Java/jmeter'
2019-02-21 11:27:36,047 INFO o.a.j.s.SaveService: Testplan (JMX) version: 2.2. Testlog (JTL) version: 2.2
2019-02-21 11:27:36,065 INFO o.a.j.s.SaveService: Using SaveService properties file encoding UTF-8
2019-02-21 11:27:36,074 INFO o.a.j.s.SaveService: Using SaveService properties version 5.0
2019-02-21 11:27:36,079 INFO o.a.j.s.SaveService: Loading file: /home/matth/Developpement/Monix/workspace_monix_eclipse-java-oxygen/Morix_Java/jmeter/plan_test-ex0-hello.jmx
2019-02-21 11:27:36,143 INFO o.a.j.s.FileServer: Set new base='/home/matth/Developpement/Monix/workspace_monix_eclipse-java-oxygen/Morix_Java/jmeter'
2019-02-21 11:27:36,340 INFO o.a.j.s.SampleResult: Note: Sample TimeStamps are START times
2019-02-21 11:27:36,340 INFO o.a.j.s.SampleResult: sampleresult.default.encoding is set to ISO-8859-1
2019-02-21 11:27:36,340 INFO o.a.j.s.SampleResult: sampleresult.useNanoTime=true
2019-02-21 11:27:36,340 INFO o.a.j.s.SampleResult: sampleresult.nanoThreadSleep=5000
2019-02-21 11:27:37,038 INFO o.a.j.p.h.s.HTTPSamplerBase: Parser for text/html is org.apache.jmeter.protocol.http.parser.LagartoBasedHtmlParser
2019-02-21 11:27:37,039 INFO o.a.j.p.h.s.HTTPSamplerBase: Parser for application/xhtml+xml is org.apache.jmeter.protocol.http.parser.LagartoBasedHtmlParser
2019-02-21 11:27:37,039 INFO o.a.j.p.h.s.HTTPSamplerBase: Parser for application/xml is org.apache.jmeter.protocol.http.parser.LagartoBasedHtmlParser
2019-02-21 11:27:37,039 INFO o.a.j.p.h.s.HTTPSamplerBase: Parser for text/xml is org.apache.jmeter.protocol.http.parser.LagartoBasedHtmlParser
2019-02-21 11:27:37,039 INFO o.a.j.p.h.s.HTTPSamplerBase: Parser for text/vnd.wap.wml is org.apache.jmeter.protocol.http.parser.RegexpHTMLParser
2019-02-21 11:27:37,039 INFO o.a.j.p.h.s.HTTPSamplerBase: Parser for text/css is org.apache.jmeter.protocol.http.parser.CssParser
2019-02-21 11:27:37,376 INFO o.a.j.e.KeyToolUtils: keytool found at 'keytool'
2019-02-21 11:27:37,377 INFO o.a.j.p.h.p.ProxyControl: HTTP(S) Test Script Recorder SSL Proxy will use keys that support embedded 3rd party resources in file /home/matth/Logiciels/JMeter/apache-jmeter-5.0/bin/proxyserver.jks
2019-02-21 11:27:42,128 INFO o.a.j.e.StandardJMeterEngine: Running the test!
2019-02-21 11:27:42,129 INFO o.a.j.s.SampleEvent: List of sample_variables: []
2019-02-21 11:27:42,129 INFO o.a.j.s.SampleEvent: List of sample_variables: []
2019-02-21 11:27:42,135 INFO o.a.j.g.u.JMeterMenuBar: setRunning(true, *local*)
2019-02-21 11:27:42,235 INFO o.a.j.e.StandardJMeterEngine: Starting ThreadGroup: 1 : Groupe d'unités de tests : ex. DT avec variables
2019-02-21 11:27:42,235 INFO o.a.j.e.StandardJMeterEngine: Starting 1 threads for group Groupe d'unités de tests : ex. DT avec variables.
2019-02-21 11:27:42,235 INFO o.a.j.e.StandardJMeterEngine: Thread will continue on error
2019-02-21 11:27:42,236 INFO o.a.j.t.ThreadGroup: Starting thread group... number=1 threads=1 ramp-up=1 perThread=1000.0 delayedStart=false
2019-02-21 11:27:42,240 INFO o.a.j.t.ThreadGroup: Started thread group number 1
2019-02-21 11:27:42,241 INFO o.a.j.e.StandardJMeterEngine: All thread groups have been started
2019-02-21 11:27:42,247 INFO o.a.j.t.JMeterThread: Thread started: Groupe d'unités de tests : ex. DT avec variables 1-1
2019-02-21 11:27:46,306 INFO o.a.j.t.JMeterThread: Thread is done: Groupe d'unités de tests : ex. DT avec variables 1-1
2019-02-21 11:27:46,306 INFO o.a.j.t.JMeterThread: Thread finished: Groupe d'unités de tests : ex. DT avec variables 1-1
2019-02-21 11:27:46,309 INFO o.a.j.e.StandardJMeterEngine: Notifying test listeners of end of test
2019-02-21 11:27:46,310 INFO o.a.j.g.u.JMeterMenuBar: setRunning(false, *local*)
