2020-06-08 09:55:54,886 INFO o.a.j.u.JMeterUtils: Setting Locale to fr_FR
2020-06-08 09:55:54,903 INFO o.a.j.u.JMeterUtils: Could not find resources for 'fr_FR', using 'fr'
2020-06-08 09:55:54,904 INFO o.a.j.JMeter: Loading user properties from: C:\Users\SESA475128\Documents\ESEO\validation\monix_morix\apache-jmeter-5.0\apache-jmeter-5.0\bin\user.properties
2020-06-08 09:55:54,905 INFO o.a.j.JMeter: Loading system properties from: C:\Users\SESA475128\Documents\ESEO\validation\monix_morix\apache-jmeter-5.0\apache-jmeter-5.0\bin\system.properties
2020-06-08 09:55:54,905 INFO o.a.j.JMeter: Loading additional properties from: C:/Users/SESA475128/Documents/ESEO/validation/monix_morix/Morix_Java/jmeter/properties/user.properties
2020-06-08 09:55:54,912 INFO o.a.j.JMeter: Copyright (c) 1998-2018 The Apache Software Foundation
2020-06-08 09:55:54,913 INFO o.a.j.JMeter: Version 5.0 r1840935
2020-06-08 09:55:54,913 INFO o.a.j.JMeter: java.version=1.8.0_212-release
2020-06-08 09:55:54,913 INFO o.a.j.JMeter: java.vm.name=OpenJDK 64-Bit Server VM
2020-06-08 09:55:54,913 INFO o.a.j.JMeter: os.name=Windows 10
2020-06-08 09:55:54,913 INFO o.a.j.JMeter: os.arch=amd64
2020-06-08 09:55:54,913 INFO o.a.j.JMeter: os.version=10.0
2020-06-08 09:55:54,913 INFO o.a.j.JMeter: file.encoding=windows-1252
2020-06-08 09:55:54,913 INFO o.a.j.JMeter: Max memory     =3773300736
2020-06-08 09:55:54,913 INFO o.a.j.JMeter: Available Processors =8
2020-06-08 09:55:54,919 INFO o.a.j.JMeter: Default Locale=français (France)
2020-06-08 09:55:54,919 INFO o.a.j.JMeter: JMeter  Locale=français (France)
2020-06-08 09:55:54,919 INFO o.a.j.JMeter: JMeterHome=C:\Users\SESA475128\Documents\ESEO\validation\monix_morix\apache-jmeter-5.0\apache-jmeter-5.0
2020-06-08 09:55:54,919 INFO o.a.j.JMeter: user.dir  =C:\Users\SESA475128\Documents\ESEO\validation\monix_morix\Morix_Java
2020-06-08 09:55:54,920 INFO o.a.j.JMeter: PWD       =C:\Users\SESA475128\Documents\ESEO\validation\monix_morix\Morix_Java
2020-06-08 09:55:54,923 INFO o.a.j.JMeter: IP: 10.8.0.54 Name: WTFRLVSE063447L FullName: WTFRLVSE063447L.eur.gad.schneider-electric.com
2020-06-08 09:55:54,924 INFO o.a.j.JMeter: search_paths=./bin/
2020-06-08 09:55:54,924 INFO o.a.j.JMeter: Adding to classpath and loader: ./bin/
2020-06-08 09:55:55,108 INFO o.a.j.g.a.LookAndFeelCommand: Installing Darcula LAF
2020-06-08 09:55:55,124 INFO o.a.j.g.a.LookAndFeelCommand: Using look and feel: com.bulenkov.darcula.DarculaLaf [Darcula]
2020-06-08 09:55:55,124 INFO o.a.j.JMeter: Setting LAF to: com.bulenkov.darcula.DarculaLaf
2020-06-08 09:55:55,195 INFO o.a.j.JMeter: Loaded icon properties from org/apache/jmeter/images/icon.properties
2020-06-08 09:55:55,854 INFO o.a.j.e.u.CompoundVariable: Note: Function class names must contain the string: '.functions.'
2020-06-08 09:55:55,854 INFO o.a.j.e.u.CompoundVariable: Note: Function class names must not contain the string: '.gui.'
2020-06-08 09:55:56,594 INFO o.a.j.JMeter: Loading file: C:\Users\SESA475128\Documents\ESEO\validation\monix_morix\Morix_Java\jmeter\plan_test-ex0-hello.jmx
2020-06-08 09:55:56,596 INFO o.a.j.s.FileServer: Default base='C:\Users\SESA475128\Documents\ESEO\validation\monix_morix\Morix_Java'
2020-06-08 09:55:56,597 INFO o.a.j.s.FileServer: Set new base='C:\Users\SESA475128\Documents\ESEO\validation\monix_morix\Morix_Java\jmeter'
2020-06-08 09:55:56,810 INFO o.a.j.s.SaveService: Testplan (JMX) version: 2.2. Testlog (JTL) version: 2.2
2020-06-08 09:55:56,835 INFO o.a.j.s.SaveService: Using SaveService properties file encoding UTF-8
2020-06-08 09:55:56,837 INFO o.a.j.s.SaveService: Using SaveService properties version 5.0
2020-06-08 09:55:56,842 INFO o.a.j.s.SaveService: Loading file: C:\Users\SESA475128\Documents\ESEO\validation\monix_morix\Morix_Java\jmeter\plan_test-ex0-hello.jmx
2020-06-08 09:55:56,897 INFO o.a.j.s.FileServer: Set new base='C:\Users\SESA475128\Documents\ESEO\validation\monix_morix\Morix_Java\jmeter'
2020-06-08 09:55:57,009 INFO o.a.j.s.SampleResult: Note: Sample TimeStamps are START times
2020-06-08 09:55:57,009 INFO o.a.j.s.SampleResult: sampleresult.default.encoding is set to ISO-8859-1
2020-06-08 09:55:57,009 INFO o.a.j.s.SampleResult: sampleresult.useNanoTime=true
2020-06-08 09:55:57,009 INFO o.a.j.s.SampleResult: sampleresult.nanoThreadSleep=5000
2020-06-08 09:55:57,518 INFO o.a.j.p.h.s.HTTPSamplerBase: Parser for text/html is org.apache.jmeter.protocol.http.parser.LagartoBasedHtmlParser
2020-06-08 09:55:57,518 INFO o.a.j.p.h.s.HTTPSamplerBase: Parser for application/xhtml+xml is org.apache.jmeter.protocol.http.parser.LagartoBasedHtmlParser
2020-06-08 09:55:57,518 INFO o.a.j.p.h.s.HTTPSamplerBase: Parser for application/xml is org.apache.jmeter.protocol.http.parser.LagartoBasedHtmlParser
2020-06-08 09:55:57,519 INFO o.a.j.p.h.s.HTTPSamplerBase: Parser for text/xml is org.apache.jmeter.protocol.http.parser.LagartoBasedHtmlParser
2020-06-08 09:55:57,519 INFO o.a.j.p.h.s.HTTPSamplerBase: Parser for text/vnd.wap.wml is org.apache.jmeter.protocol.http.parser.RegexpHTMLParser
2020-06-08 09:55:57,519 INFO o.a.j.p.h.s.HTTPSamplerBase: Parser for text/css is org.apache.jmeter.protocol.http.parser.CssParser
2020-06-08 09:55:57,919 INFO o.a.j.e.KeyToolUtils: keytool found at 'keytool'
2020-06-08 09:55:57,920 INFO o.a.j.p.h.p.ProxyControl: HTTP(S) Test Script Recorder SSL Proxy will use keys that support embedded 3rd party resources in file C:\Users\SESA475128\Documents\ESEO\validation\monix_morix\apache-jmeter-5.0\apache-jmeter-5.0\bin\proxyserver.jks
